[debug] [2023-08-20T21:40:15.388Z] ----------------------------------------------------------------------
[debug] [2023-08-20T21:40:15.412Z] Command:       C:\Program Files\nodejs\node.exe C:\Users\Hassan Khan\AppData\Roaming\npm\node_modules\firebase-tools\lib\bin\firebase.js deploy
[debug] [2023-08-20T21:40:15.416Z] CLI Version:   12.4.8
[debug] [2023-08-20T21:40:15.418Z] Platform:      win32
[debug] [2023-08-20T21:40:15.421Z] Node Version:  v18.16.1
[debug] [2023-08-20T21:40:15.429Z] Time:          Mon Aug 21 2023 02:40:15 GMT+0500 (Pakistan Standard Time)
[debug] [2023-08-20T21:40:15.431Z] ----------------------------------------------------------------------
[debug] 
[debug] [2023-08-20T21:40:16.361Z] > command requires scopes: ["email","openid","https://www.googleapis.com/auth/cloudplatformprojects.readonly","https://www.googleapis.com/auth/firebase","https://www.googleapis.com/auth/cloud-platform"]
[debug] [2023-08-20T21:40:16.366Z] > authorizing via signed-in user (khanhassan979@gmail.com)
[debug] [2023-08-20T21:40:16.368Z] [iam] checking project face12-6fdc2 for permissions ["firebase.projects.get","firebasehosting.sites.update"]
[debug] [2023-08-20T21:40:16.408Z] >>> [apiv2][query] POST https://cloudresourcemanager.googleapis.com/v1/projects/face12-6fdc2:testIamPermissions [none]
[debug] [2023-08-20T21:40:16.410Z] >>> [apiv2][(partial)header] POST https://cloudresourcemanager.googleapis.com/v1/projects/face12-6fdc2:testIamPermissions x-goog-quota-user=projects/face12-6fdc2
[debug] [2023-08-20T21:40:16.411Z] >>> [apiv2][body] POST https://cloudresourcemanager.googleapis.com/v1/projects/face12-6fdc2:testIamPermissions {"permissions":["firebase.projects.get","firebasehosting.sites.update"]}
[debug] [2023-08-20T21:40:18.622Z] <<< [apiv2][status] POST https://cloudresourcemanager.googleapis.com/v1/projects/face12-6fdc2:testIamPermissions 200
[debug] [2023-08-20T21:40:18.625Z] <<< [apiv2][body] POST https://cloudresourcemanager.googleapis.com/v1/projects/face12-6fdc2:testIamPermissions {"permissions":["firebase.projects.get","firebasehosting.sites.update"]}
[debug] [2023-08-20T21:40:18.633Z] >>> [apiv2][query] GET https://firebase.googleapis.com/v1beta1/projects/face12-6fdc2 [none]
[debug] [2023-08-20T21:40:19.237Z] <<< [apiv2][status] GET https://firebase.googleapis.com/v1beta1/projects/face12-6fdc2 200
[debug] [2023-08-20T21:40:19.239Z] <<< [apiv2][body] GET https://firebase.googleapis.com/v1beta1/projects/face12-6fdc2 {"projectId":"face12-6fdc2","projectNumber":"597326426945","displayName":"face12","name":"projects/face12-6fdc2","resources":{"hostingSite":"face12-6fdc2"},"state":"ACTIVE","etag":"1_0986714c-aee6-4d93-b745-fd7fec53de5f"}
[info] 
[info] === Deploying to 'face12-6fdc2'...
[info] 
[info] i  deploying hosting 
[debug] [2023-08-20T21:40:19.300Z] >>> [apiv2][query] POST https://firebasehosting.googleapis.com/v1beta1/projects/-/sites/face12-6fdc2/versions [none]
[debug] [2023-08-20T21:40:19.303Z] >>> [apiv2][body] POST https://firebasehosting.googleapis.com/v1beta1/projects/-/sites/face12-6fdc2/versions {"status":"CREATED","labels":{"deployment-tool":"cli-firebase"}}
[debug] [2023-08-20T21:40:21.357Z] <<< [apiv2][status] POST https://firebasehosting.googleapis.com/v1beta1/projects/-/sites/face12-6fdc2/versions 200
[debug] [2023-08-20T21:40:21.358Z] <<< [apiv2][body] POST https://firebasehosting.googleapis.com/v1beta1/projects/-/sites/face12-6fdc2/versions {"name":"projects/597326426945/sites/face12-6fdc2/versions/047933c9115f6fa5","status":"CREATED","config":{},"labels":{"deployment-tool":"cli-firebase"}}
[info] i  hosting[face12-6fdc2]: beginning deploy... 
[info] i  hosting[face12-6fdc2]: found 18 files in build 
[debug] [2023-08-20T21:40:21.465Z] [hosting] uploading with 200 concurrency
[debug] [2023-08-20T21:40:27.672Z] [hosting] hash cache [YnVpbGQ] stored for 18 files
[debug] [2023-08-20T21:40:27.675Z] [hosting][hash queue][FINAL] {"max":6112,"min":28,"avg":794.3333333333334,"active":0,"complete":18,"success":18,"errored":0,"retried":0,"total":18,"elapsed":6192}
[debug] [2023-08-20T21:40:27.678Z] >>> [apiv2][query] POST https://firebasehosting.googleapis.com/v1beta1/projects/597326426945/sites/face12-6fdc2/versions/047933c9115f6fa5:populateFiles [none]
[debug] [2023-08-20T21:40:27.678Z] >>> [apiv2][body] POST https://firebasehosting.googleapis.com/v1beta1/projects/597326426945/sites/face12-6fdc2/versions/047933c9115f6fa5:populateFiles {"files":{"/favicon.ico":"eae62e993eb980ec8a25058c39d5a51feab118bd2100c4deebb2a9c158ec11f9","/logo192.png":"3ee59515172ee198f3be375979df15ac5345183e656720a381b8872b2a39dc8b","/logo512.png":"ee7e2f3fdb8209c4b6fd7bef6ba50d1b9dba30a25bb5c3126df057e1cb6f5331","/manifest.json":"aff3449bdc238776f5d6d967f19ec491b36aed5fb7f23ccff6500736fd58494a","/robots.txt":"bfe106a3fb878dc83461c86818bf74fc1bdc7f28538ba613cd3e775516ce8b49","/index.html":"732e609b93b02feb107c831029d6085070d035c70663f3b3feeb163429e45d4d","/static/css/main.43f930df.css":"a1e35caff3174eae24a61f7c415b7722267d39fe74a3558e25e718affee537e3","/asset-manifest.json":"0e798bcea4eb69659d2c1cec087410aa4297ef4913ed1e3671cb74c19cb251de","/static/css/main.43f930df.css.map":"cd3cf29e5b727d23f93fe2a7f203a5b43473d5fe42fd36b44ae642601270026d","/static/js/787.83b5580e.chunk.js":"df62c18eff5e01da0ba417649bf42f6f274f6d513401c09ec316b61535b28898","/static/js/787.83b5580e.chunk.js.map":"54e0cc3b4d2ded2a26a10df7b159928bf7f13f83f65b7ef65c9dc54280dddbdd","/static/js/main.558f4fee.js.LICENSE.txt":"a1e10079e8155bc5525d13d0464e64acbd892cb93e51621cce5f31f1c4cc8fe3","/404.html":"daa499dd96d8229e73235345702ba32f0793f0c8e5c0d30e40e37a5872be57aa","/static/js/main.558f4fee.js":"8730c3b9fde63b44c6e828e2eb03465206ab8c1b4b89d9ce21dadf093575a530","/static/js/main.558f4fee.js.map":"0262ebfdd9b1b9b07edfc0e03f55c7880914e2e7fd5fbf8987804e5a0b8f50e7","/static/media/456.f7f19e3a7419d9283df2.jpg":"3a39e1e3b27297dd8f2fb3f2c735648bf8f45abd8f1dce899ffebc870e56546c","/static/media/123.7007195d180398a9799c.jpg":"debde917405f2170f28c738359cdf855223ea7a7a37541ecc9b1dc70ce3ba868","/static/media/789.88e8e6cbb6ded0e46690.jpg":"1fc4c3ca4afd007601f79d0a211b12e86d13eae1c5bce91b2927db3761d807a8"}}
[debug] [2023-08-20T21:40:29.387Z] <<< [apiv2][status] POST https://firebasehosting.googleapis.com/v1beta1/projects/597326426945/sites/face12-6fdc2/versions/047933c9115f6fa5:populateFiles 200
[debug] [2023-08-20T21:40:29.388Z] <<< [apiv2][body] POST https://firebasehosting.googleapis.com/v1beta1/projects/597326426945/sites/face12-6fdc2/versions/047933c9115f6fa5:populateFiles {"uploadRequiredHashes":["df62c18eff5e01da0ba417649bf42f6f274f6d513401c09ec316b61535b28898","54e0cc3b4d2ded2a26a10df7b159928bf7f13f83f65b7ef65c9dc54280dddbdd","3a39e1e3b27297dd8f2fb3f2c735648bf8f45abd8f1dce899ffebc870e56546c","1fc4c3ca4afd007601f79d0a211b12e86d13eae1c5bce91b2927db3761d807a8","0262ebfdd9b1b9b07edfc0e03f55c7880914e2e7fd5fbf8987804e5a0b8f50e7","a1e35caff3174eae24a61f7c415b7722267d39fe74a3558e25e718affee537e3","732e609b93b02feb107c831029d6085070d035c70663f3b3feeb163429e45d4d","8730c3b9fde63b44c6e828e2eb03465206ab8c1b4b89d9ce21dadf093575a530","cd3cf29e5b727d23f93fe2a7f203a5b43473d5fe42fd36b44ae642601270026d","debde917405f2170f28c738359cdf855223ea7a7a37541ecc9b1dc70ce3ba868","a1e10079e8155bc5525d13d0464e64acbd892cb93e51621cce5f31f1c4cc8fe3"],"uploadUrl":"https://upload-firebasehosting.googleapis.com/upload/sites/face12-6fdc2/versions/047933c9115f6fa5/files"}
[debug] [2023-08-20T21:40:29.408Z] >>> [apiv2][query] POST https://upload-firebasehosting.googleapis.com/upload/sites/face12-6fdc2/versions/047933c9115f6fa5/files/df62c18eff5e01da0ba417649bf42f6f274f6d513401c09ec316b61535b28898 [none]
[debug] [2023-08-20T21:40:29.409Z] >>> [apiv2][body] POST https://upload-firebasehosting.googleapis.com/upload/sites/face12-6fdc2/versions/047933c9115f6fa5/files/df62c18eff5e01da0ba417649bf42f6f274f6d513401c09ec316b61535b28898 [stream]
[debug] [2023-08-20T21:40:29.421Z] >>> [apiv2][query] POST https://upload-firebasehosting.googleapis.com/upload/sites/face12-6fdc2/versions/047933c9115f6fa5/files/54e0cc3b4d2ded2a26a10df7b159928bf7f13f83f65b7ef65c9dc54280dddbdd [none]
[debug] [2023-08-20T21:40:29.422Z] >>> [apiv2][body] POST https://upload-firebasehosting.googleapis.com/upload/sites/face12-6fdc2/versions/047933c9115f6fa5/files/54e0cc3b4d2ded2a26a10df7b159928bf7f13f83f65b7ef65c9dc54280dddbdd [stream]
[debug] [2023-08-20T21:40:29.430Z] >>> [apiv2][query] POST https://upload-firebasehosting.googleapis.com/upload/sites/face12-6fdc2/versions/047933c9115f6fa5/files/3a39e1e3b27297dd8f2fb3f2c735648bf8f45abd8f1dce899ffebc870e56546c [none]
[debug] [2023-08-20T21:40:29.431Z] >>> [apiv2][body] POST https://upload-firebasehosting.googleapis.com/upload/sites/face12-6fdc2/versions/047933c9115f6fa5/files/3a39e1e3b27297dd8f2fb3f2c735648bf8f45abd8f1dce899ffebc870e56546c [stream]
[debug] [2023-08-20T21:40:29.443Z] >>> [apiv2][query] POST https://upload-firebasehosting.googleapis.com/upload/sites/face12-6fdc2/versions/047933c9115f6fa5/files/1fc4c3ca4afd007601f79d0a211b12e86d13eae1c5bce91b2927db3761d807a8 [none]
[debug] [2023-08-20T21:40:29.443Z] >>> [apiv2][body] POST https://upload-firebasehosting.googleapis.com/upload/sites/face12-6fdc2/versions/047933c9115f6fa5/files/1fc4c3ca4afd007601f79d0a211b12e86d13eae1c5bce91b2927db3761d807a8 [stream]
[debug] [2023-08-20T21:40:29.455Z] >>> [apiv2][query] POST https://upload-firebasehosting.googleapis.com/upload/sites/face12-6fdc2/versions/047933c9115f6fa5/files/0262ebfdd9b1b9b07edfc0e03f55c7880914e2e7fd5fbf8987804e5a0b8f50e7 [none]
[debug] [2023-08-20T21:40:29.456Z] >>> [apiv2][body] POST https://upload-firebasehosting.googleapis.com/upload/sites/face12-6fdc2/versions/047933c9115f6fa5/files/0262ebfdd9b1b9b07edfc0e03f55c7880914e2e7fd5fbf8987804e5a0b8f50e7 [stream]
[debug] [2023-08-20T21:40:29.467Z] >>> [apiv2][query] POST https://upload-firebasehosting.googleapis.com/upload/sites/face12-6fdc2/versions/047933c9115f6fa5/files/a1e35caff3174eae24a61f7c415b7722267d39fe74a3558e25e718affee537e3 [none]
[debug] [2023-08-20T21:40:29.467Z] >>> [apiv2][body] POST https://upload-firebasehosting.googleapis.com/upload/sites/face12-6fdc2/versions/047933c9115f6fa5/files/a1e35caff3174eae24a61f7c415b7722267d39fe74a3558e25e718affee537e3 [stream]
[debug] [2023-08-20T21:40:29.477Z] >>> [apiv2][query] POST https://upload-firebasehosting.googleapis.com/upload/sites/face12-6fdc2/versions/047933c9115f6fa5/files/732e609b93b02feb107c831029d6085070d035c70663f3b3feeb163429e45d4d [none]
[debug] [2023-08-20T21:40:29.478Z] >>> [apiv2][body] POST https://upload-firebasehosting.googleapis.com/upload/sites/face12-6fdc2/versions/047933c9115f6fa5/files/732e609b93b02feb107c831029d6085070d035c70663f3b3feeb163429e45d4d [stream]
[debug] [2023-08-20T21:40:29.493Z] >>> [apiv2][query] POST https://upload-firebasehosting.googleapis.com/upload/sites/face12-6fdc2/versions/047933c9115f6fa5/files/8730c3b9fde63b44c6e828e2eb03465206ab8c1b4b89d9ce21dadf093575a530 [none]
[debug] [2023-08-20T21:40:29.493Z] >>> [apiv2][body] POST https://upload-firebasehosting.googleapis.com/upload/sites/face12-6fdc2/versions/047933c9115f6fa5/files/8730c3b9fde63b44c6e828e2eb03465206ab8c1b4b89d9ce21dadf093575a530 [stream]
[debug] [2023-08-20T21:40:29.505Z] >>> [apiv2][query] POST https://upload-firebasehosting.googleapis.com/upload/sites/face12-6fdc2/versions/047933c9115f6fa5/files/cd3cf29e5b727d23f93fe2a7f203a5b43473d5fe42fd36b44ae642601270026d [none]
[debug] [2023-08-20T21:40:29.505Z] >>> [apiv2][body] POST https://upload-firebasehosting.googleapis.com/upload/sites/face12-6fdc2/versions/047933c9115f6fa5/files/cd3cf29e5b727d23f93fe2a7f203a5b43473d5fe42fd36b44ae642601270026d [stream]
[debug] [2023-08-20T21:40:29.514Z] >>> [apiv2][query] POST https://upload-firebasehosting.googleapis.com/upload/sites/face12-6fdc2/versions/047933c9115f6fa5/files/debde917405f2170f28c738359cdf855223ea7a7a37541ecc9b1dc70ce3ba868 [none]
[debug] [2023-08-20T21:40:29.515Z] >>> [apiv2][body] POST https://upload-firebasehosting.googleapis.com/upload/sites/face12-6fdc2/versions/047933c9115f6fa5/files/debde917405f2170f28c738359cdf855223ea7a7a37541ecc9b1dc70ce3ba868 [stream]
[debug] [2023-08-20T21:40:29.523Z] >>> [apiv2][query] POST https://upload-firebasehosting.googleapis.com/upload/sites/face12-6fdc2/versions/047933c9115f6fa5/files/a1e10079e8155bc5525d13d0464e64acbd892cb93e51621cce5f31f1c4cc8fe3 [none]
[debug] [2023-08-20T21:40:29.523Z] >>> [apiv2][body] POST https://upload-firebasehosting.googleapis.com/upload/sites/face12-6fdc2/versions/047933c9115f6fa5/files/a1e10079e8155bc5525d13d0464e64acbd892cb93e51621cce5f31f1c4cc8fe3 [stream]
[debug] [2023-08-20T21:40:29.534Z] [hosting][populate queue][FINAL] {"max":1756,"min":1756,"avg":1756,"active":0,"complete":1,"success":1,"errored":0,"retried":0,"total":1,"elapsed":1885}
[debug] [2023-08-20T21:40:29.535Z] [hosting] uploads queued: 11
[debug] [2023-08-20T21:40:30.618Z] <<< [apiv2][status] POST https://upload-firebasehosting.googleapis.com/upload/sites/face12-6fdc2/versions/047933c9115f6fa5/files/54e0cc3b4d2ded2a26a10df7b159928bf7f13f83f65b7ef65c9dc54280dddbdd 200
[debug] [2023-08-20T21:40:30.619Z] <<< [apiv2][body] POST https://upload-firebasehosting.googleapis.com/upload/sites/face12-6fdc2/versions/047933c9115f6fa5/files/54e0cc3b4d2ded2a26a10df7b159928bf7f13f83f65b7ef65c9dc54280dddbdd [stream]
[debug] [2023-08-20T21:40:30.821Z] <<< [apiv2][status] POST https://upload-firebasehosting.googleapis.com/upload/sites/face12-6fdc2/versions/047933c9115f6fa5/files/df62c18eff5e01da0ba417649bf42f6f274f6d513401c09ec316b61535b28898 200
[debug] [2023-08-20T21:40:30.822Z] <<< [apiv2][body] POST https://upload-firebasehosting.googleapis.com/upload/sites/face12-6fdc2/versions/047933c9115f6fa5/files/df62c18eff5e01da0ba417649bf42f6f274f6d513401c09ec316b61535b28898 [stream]
[debug] [2023-08-20T21:40:31.484Z] <<< [apiv2][status] POST https://upload-firebasehosting.googleapis.com/upload/sites/face12-6fdc2/versions/047933c9115f6fa5/files/a1e35caff3174eae24a61f7c415b7722267d39fe74a3558e25e718affee537e3 200
[debug] [2023-08-20T21:40:31.485Z] <<< [apiv2][body] POST https://upload-firebasehosting.googleapis.com/upload/sites/face12-6fdc2/versions/047933c9115f6fa5/files/a1e35caff3174eae24a61f7c415b7722267d39fe74a3558e25e718affee537e3 [stream]
[debug] [2023-08-20T21:40:31.676Z] <<< [apiv2][status] POST https://upload-firebasehosting.googleapis.com/upload/sites/face12-6fdc2/versions/047933c9115f6fa5/files/732e609b93b02feb107c831029d6085070d035c70663f3b3feeb163429e45d4d 200
[debug] [2023-08-20T21:40:31.677Z] <<< [apiv2][body] POST https://upload-firebasehosting.googleapis.com/upload/sites/face12-6fdc2/versions/047933c9115f6fa5/files/732e609b93b02feb107c831029d6085070d035c70663f3b3feeb163429e45d4d [stream]
[debug] [2023-08-20T21:40:31.880Z] <<< [apiv2][status] POST https://upload-firebasehosting.googleapis.com/upload/sites/face12-6fdc2/versions/047933c9115f6fa5/files/cd3cf29e5b727d23f93fe2a7f203a5b43473d5fe42fd36b44ae642601270026d 200
[debug] [2023-08-20T21:40:31.881Z] <<< [apiv2][body] POST https://upload-firebasehosting.googleapis.com/upload/sites/face12-6fdc2/versions/047933c9115f6fa5/files/cd3cf29e5b727d23f93fe2a7f203a5b43473d5fe42fd36b44ae642601270026d [stream]
[debug] [2023-08-20T21:40:32.601Z] <<< [apiv2][status] POST https://upload-firebasehosting.googleapis.com/upload/sites/face12-6fdc2/versions/047933c9115f6fa5/files/a1e10079e8155bc5525d13d0464e64acbd892cb93e51621cce5f31f1c4cc8fe3 200
[debug] [2023-08-20T21:40:32.601Z] <<< [apiv2][body] POST https://upload-firebasehosting.googleapis.com/upload/sites/face12-6fdc2/versions/047933c9115f6fa5/files/a1e10079e8155bc5525d13d0464e64acbd892cb93e51621cce5f31f1c4cc8fe3 [stream]
[debug] [2023-08-20T21:40:34.905Z] <<< [apiv2][status] POST https://upload-firebasehosting.googleapis.com/upload/sites/face12-6fdc2/versions/047933c9115f6fa5/files/8730c3b9fde63b44c6e828e2eb03465206ab8c1b4b89d9ce21dadf093575a530 200
[debug] [2023-08-20T21:40:34.906Z] <<< [apiv2][body] POST https://upload-firebasehosting.googleapis.com/upload/sites/face12-6fdc2/versions/047933c9115f6fa5/files/8730c3b9fde63b44c6e828e2eb03465206ab8c1b4b89d9ce21dadf093575a530 [stream]
[debug] [2023-08-20T21:40:37.789Z] <<< [apiv2][status] POST https://upload-firebasehosting.googleapis.com/upload/sites/face12-6fdc2/versions/047933c9115f6fa5/files/0262ebfdd9b1b9b07edfc0e03f55c7880914e2e7fd5fbf8987804e5a0b8f50e7 200
[debug] [2023-08-20T21:40:37.790Z] <<< [apiv2][body] POST https://upload-firebasehosting.googleapis.com/upload/sites/face12-6fdc2/versions/047933c9115f6fa5/files/0262ebfdd9b1b9b07edfc0e03f55c7880914e2e7fd5fbf8987804e5a0b8f50e7 [stream]
[debug] [2023-08-20T21:41:20.115Z] [uploadQueue] Retrying task 3a39e1e3b27297dd8f2fb3f2c735648bf8f45abd8f1dce899ffebc870e56546c
[debug] [2023-08-20T21:41:20.121Z] >>> [apiv2][query] POST https://upload-firebasehosting.googleapis.com/upload/sites/face12-6fdc2/versions/047933c9115f6fa5/files/3a39e1e3b27297dd8f2fb3f2c735648bf8f45abd8f1dce899ffebc870e56546c [none]
[debug] [2023-08-20T21:41:20.123Z] >>> [apiv2][body] POST https://upload-firebasehosting.googleapis.com/upload/sites/face12-6fdc2/versions/047933c9115f6fa5/files/3a39e1e3b27297dd8f2fb3f2c735648bf8f45abd8f1dce899ffebc870e56546c [stream]
[debug] [2023-08-20T21:42:11.197Z] [uploadQueue] Retrying task 3a39e1e3b27297dd8f2fb3f2c735648bf8f45abd8f1dce899ffebc870e56546c
[debug] [2023-08-20T21:42:11.200Z] >>> [apiv2][query] POST https://upload-firebasehosting.googleapis.com/upload/sites/face12-6fdc2/versions/047933c9115f6fa5/files/3a39e1e3b27297dd8f2fb3f2c735648bf8f45abd8f1dce899ffebc870e56546c [none]
[debug] [2023-08-20T21:42:11.201Z] >>> [apiv2][body] POST https://upload-firebasehosting.googleapis.com/upload/sites/face12-6fdc2/versions/047933c9115f6fa5/files/3a39e1e3b27297dd8f2fb3f2c735648bf8f45abd8f1dce899ffebc870e56546c [stream]
[debug] [2023-08-20T21:43:03.118Z] [uploadQueue] Retrying task 3a39e1e3b27297dd8f2fb3f2c735648bf8f45abd8f1dce899ffebc870e56546c
[debug] [2023-08-20T21:43:03.126Z] >>> [apiv2][query] POST https://upload-firebasehosting.googleapis.com/upload/sites/face12-6fdc2/versions/047933c9115f6fa5/files/3a39e1e3b27297dd8f2fb3f2c735648bf8f45abd8f1dce899ffebc870e56546c [none]
[debug] [2023-08-20T21:43:03.127Z] >>> [apiv2][body] POST https://upload-firebasehosting.googleapis.com/upload/sites/face12-6fdc2/versions/047933c9115f6fa5/files/3a39e1e3b27297dd8f2fb3f2c735648bf8f45abd8f1dce899ffebc870e56546c [stream]
[debug] [2023-08-20T21:43:04.290Z] [uploadQueue] Retrying task debde917405f2170f28c738359cdf855223ea7a7a37541ecc9b1dc70ce3ba868
[debug] [2023-08-20T21:43:04.293Z] >>> [apiv2][query] POST https://upload-firebasehosting.googleapis.com/upload/sites/face12-6fdc2/versions/047933c9115f6fa5/files/debde917405f2170f28c738359cdf855223ea7a7a37541ecc9b1dc70ce3ba868 [none]
[debug] [2023-08-20T21:43:04.293Z] >>> [apiv2][body] POST https://upload-firebasehosting.googleapis.com/upload/sites/face12-6fdc2/versions/047933c9115f6fa5/files/debde917405f2170f28c738359cdf855223ea7a7a37541ecc9b1dc70ce3ba868 [stream]
[debug] [2023-08-20T21:43:58.735Z] [uploadQueue] Retrying task 3a39e1e3b27297dd8f2fb3f2c735648bf8f45abd8f1dce899ffebc870e56546c
[debug] [2023-08-20T21:43:58.765Z] >>> [apiv2][query] POST https://upload-firebasehosting.googleapis.com/upload/sites/face12-6fdc2/versions/047933c9115f6fa5/files/3a39e1e3b27297dd8f2fb3f2c735648bf8f45abd8f1dce899ffebc870e56546c [none]
[debug] [2023-08-20T21:43:58.772Z] >>> [apiv2][body] POST https://upload-firebasehosting.googleapis.com/upload/sites/face12-6fdc2/versions/047933c9115f6fa5/files/3a39e1e3b27297dd8f2fb3f2c735648bf8f45abd8f1dce899ffebc870e56546c [stream]
[debug] [2023-08-20T21:44:37.323Z] [uploadQueue] Retrying task 1fc4c3ca4afd007601f79d0a211b12e86d13eae1c5bce91b2927db3761d807a8
[debug] [2023-08-20T21:44:37.333Z] >>> [apiv2][query] POST https://upload-firebasehosting.googleapis.com/upload/sites/face12-6fdc2/versions/047933c9115f6fa5/files/1fc4c3ca4afd007601f79d0a211b12e86d13eae1c5bce91b2927db3761d807a8 [none]
[debug] [2023-08-20T21:44:37.334Z] >>> [apiv2][body] POST https://upload-firebasehosting.googleapis.com/upload/sites/face12-6fdc2/versions/047933c9115f6fa5/files/1fc4c3ca4afd007601f79d0a211b12e86d13eae1c5bce91b2927db3761d807a8 [stream]
[debug] [2023-08-20T21:44:55.411Z] [uploadQueue] Retrying task 3a39e1e3b27297dd8f2fb3f2c735648bf8f45abd8f1dce899ffebc870e56546c
[debug] [2023-08-20T21:44:55.414Z] >>> [apiv2][query] POST https://upload-firebasehosting.googleapis.com/upload/sites/face12-6fdc2/versions/047933c9115f6fa5/files/3a39e1e3b27297dd8f2fb3f2c735648bf8f45abd8f1dce899ffebc870e56546c [none]
[debug] [2023-08-20T21:44:55.415Z] >>> [apiv2][body] POST https://upload-firebasehosting.googleapis.com/upload/sites/face12-6fdc2/versions/047933c9115f6fa5/files/3a39e1e3b27297dd8f2fb3f2c735648bf8f45abd8f1dce899ffebc870e56546c [stream]
